<?xml version="1.0" encoding="UTF-8"?>
<!-- Generated by org.testng.reporters.JUnitXMLReporter -->
<testsuite hostname="Niravbhai" ignored="0" name="DemoProjectTest" tests="1" failures="0" timestamp="08 Aug 2018 03:37:36 GMT" time="61.652" errors="0">
  <testcase name="@BeforeMethod beforeMethod" time="0.0" classname="DemoPack.DemoProject.BasePage">
    <failure type="org.testng.TestNGException" message="
Can inject only one of &amp;lt;ITestContext, XmlTest, Method, Object[], ITestResult&amp;gt; into a @BeforeMethod annotated beforeMethod.
For more information on native dependency injection please refer to http://testng.org/doc/documentation-main.html#native-dependency-injection">
      <![CDATA[org.testng.TestNGException: Can inject only one of <ITestContext, XmlTest, Method, Object[], ITestResult> into a @BeforeMethod annotated beforeMethod.For more information on native dependency injection please refer to http://testng.org/doc/documentation-main.html#native-dependency-injection... Removed 25 stack frames]]>
    </failure>
  </testcase> <!-- @BeforeMethod beforeMethod -->
  <testcase name="@AfterMethod afterMethod" time="0.0" classname="DemoPack.DemoProject.BasePage">
    <skipped/>
  </testcase> <!-- @AfterMethod afterMethod -->
  <testcase name="@AfterClass endProcess" time="0.0" classname="DemoPack.DemoProject.BasePage">
    <skipped/>
  </testcase> <!-- @AfterClass endProcess -->
  <testcase name="customerRegistration" time="0.0" classname="DemoPack.DemoProject.TC_001">
    <skipped/>
  </testcase> <!-- customerRegistration -->
</testsuite> <!-- DemoProjectTest -->
